<?xml version="1.0" encoding="UTF-8"?>
<!-- Generated by org.testng.reporters.JUnitReportReporter -->
<testsuite hostname="Jollys-MacBook-Air.local" failures="0" tests="1" name="TestNG" time="0.009" errors="0" timestamp="2025-02-10T21:27:17 EST" skipped="0">
  <testcase classname="TestNG" name="printsomething" time="0.009"/>
</testsuite> <!-- TestNG -->
